Log file open, 04/14/20 17:16:28
LogWindows: Failed to load 'aqProf.dll' (GetLastError=126)
LogWindows: File 'aqProf.dll' does not exist
LogWindows: Failed to load 'VtuneApi.dll' (GetLastError=126)
LogWindows: File 'VtuneApi.dll' does not exist
LogWindows: Failed to load 'VtuneApi32e.dll' (GetLastError=126)
LogWindows: File 'VtuneApi32e.dll' does not exist
LogConsoleResponse: Display: Failed to find resolution value strings in scalability ini. Falling back to default.
LogInit: Display: Running engine for game: PuzzlePlatforms
LogPlatformFile: Not using cached read wrapper
LogTaskGraph: Started task graph with 5 named threads and 47 total threads with 3 sets of task threads.
LogStats: Stats thread started at 0.075875
LogD3D11RHI: Loaded GFSDK_Aftermath_Lib.x64.dll
LogICUInternationalization: ICU TimeZone Detection - Raw Offset: -5:00, Platform Override: ''
LogPluginManager: Mounting plugin Paper2D
LogPluginManager: Mounting plugin AISupport
LogPluginManager: Mounting plugin LightPropagationVolume
LogPluginManager: Mounting plugin ActorLayerUtilities
LogPluginManager: Mounting plugin AnimationSharing
LogPluginManager: Mounting plugin CLionSourceCodeAccess
LogPluginManager: Mounting plugin CodeLiteSourceCodeAccess
LogPluginManager: Mounting plugin GitSourceControl
LogPluginManager: Mounting plugin KDevelopSourceCodeAccess
LogPluginManager: Mounting plugin NullSourceCodeAccess
LogPluginManager: Mounting plugin PerforceSourceControl
LogPluginManager: Mounting plugin PlasticSourceControl
LogPluginManager: Mounting plugin SubversionSourceControl
LogPluginManager: Mounting plugin UObjectPlugin
LogPluginManager: Mounting plugin VisualStudioCodeSourceCodeAccess
LogPluginManager: Mounting plugin VisualStudioSourceCodeAccess
LogPluginManager: Mounting plugin XCodeSourceCodeAccess
LogPluginManager: Mounting plugin AssetManagerEditor
LogPluginManager: Mounting plugin CryptoKeys
LogPluginManager: Mounting plugin CurveEditorTools
LogPluginManager: Mounting plugin DataValidation
LogPluginManager: Mounting plugin FacialAnimation
LogPluginManager: Mounting plugin GameplayTagsEditor
LogPluginManager: Mounting plugin MacGraphicsSwitching
LogPluginManager: Mounting plugin MaterialAnalyzer
LogPluginManager: Mounting plugin MobileLauncherProfileWizard
LogPluginManager: Mounting plugin PluginBrowser
LogPluginManager: Mounting plugin SpeedTreeImporter
LogPluginManager: Mounting plugin DatasmithContent
LogPluginManager: Mounting plugin VariantManagerContent
LogPluginManager: Mounting plugin AlembicImporter
LogPluginManager: Mounting plugin AutomationUtils
LogPluginManager: Mounting plugin BackChannel
LogPluginManager: Mounting plugin CharacterAI
LogPluginManager: Mounting plugin GeometryCache
LogPluginManager: Mounting plugin PlatformCrypto
LogPluginManager: Mounting plugin ProxyLODPlugin
LogPluginManager: Mounting plugin SkeletalReduction
LogPluginManager: Mounting plugin MagicLeap
LogPluginManager: Mounting plugin MagicLeapMedia
LogPluginManager: Mounting plugin MLSDK
LogPluginManager: Mounting plugin AndroidMedia
LogPluginManager: Mounting plugin AvfMedia
LogPluginManager: Mounting plugin ImgMedia
LogPluginManager: Mounting plugin MediaCompositing
LogPluginManager: Mounting plugin MediaPlayerEditor
LogPluginManager: Mounting plugin WebMMedia
LogPluginManager: Mounting plugin WmfMedia
LogPluginManager: Mounting plugin TcpMessaging
LogPluginManager: Mounting plugin UdpMessaging
LogPluginManager: Mounting plugin ActorSequence
LogPluginManager: Mounting plugin LevelSequenceEditor
LogPluginManager: Mounting plugin MatineeToLevelSequence
LogPluginManager: Mounting plugin NetcodeUnitTest
LogPluginManager: Mounting plugin NUTUnrealEngine4
LogPluginManager: Mounting plugin OnlineSubsystemGooglePlay
LogPluginManager: Mounting plugin OnlineSubsystemIOS
LogPluginManager: Mounting plugin OnlineSubsystem
LogPluginManager: Mounting plugin OnlineSubsystemNull
LogPluginManager: Mounting plugin OnlineSubsystemUtils
LogPluginManager: Mounting plugin LauncherChunkInstaller
LogPluginManager: Mounting plugin AndroidDeviceProfileSelector
LogPluginManager: Mounting plugin AndroidMoviePlayer
LogPluginManager: Mounting plugin AndroidPermission
LogPluginManager: Mounting plugin AppleImageUtils
LogPluginManager: Mounting plugin AppleMoviePlayer
LogPluginManager: Mounting plugin ArchVisCharacter
LogPluginManager: Mounting plugin AssetTags
LogPluginManager: Mounting plugin AudioCapture
LogPluginManager: Mounting plugin CableComponent
LogPluginManager: Mounting plugin CustomMeshComponent
LogPluginManager: Mounting plugin EditableMesh
LogPluginManager: Mounting plugin ExampleDeviceProfileSelector
LogPluginManager: Mounting plugin GoogleCloudMessaging
LogPluginManager: Mounting plugin IOSDeviceProfileSelector
LogPluginManager: Mounting plugin LinuxDeviceProfileSelector
LogPluginManager: Mounting plugin LocationServicesBPLibrary
LogPluginManager: Mounting plugin MobilePatchingUtils
LogPluginManager: Mounting plugin OculusVR
LogPluginManager: Mounting plugin PhysXVehicles
LogPluginManager: Mounting plugin PostSplashScreen
LogPluginManager: Mounting plugin ProceduralMeshComponent
LogPluginManager: Mounting plugin RuntimePhysXCooking
LogPluginManager: Mounting plugin SignificanceManager
LogPluginManager: Mounting plugin SteamVR
LogPluginManager: Mounting plugin WebMMoviePlayer
LogPluginManager: Mounting plugin WindowsMoviePlayer
LogPluginManager: Mounting plugin ScreenshotTools
LogInit: Warning: Incompatible or missing module: PuzzlePlatforms
Running C:/Program Files/Epic Games/UE_4.24/Engine/Binaries/DotNET/UnrealBuildTool.exe Development Win64 -Project="E:/Github/Unreal_MenuSystem/PuzzlePlatforms/PuzzlePlatforms.uproject" -TargetType=Editor -Progress -NoHotReloadFromIDE
Using 'git status' to determine working set for adaptive non-unity build (E:\Github\Unreal_MenuSystem).
Creating makefile for PuzzlePlatformsEditor (no existing makefile)
@progress push 5%
Parsing headers for PuzzlePlatformsEditor
  Running UnrealHeaderTool "E:\Github\Unreal_MenuSystem\PuzzlePlatforms\PuzzlePlatforms.uproject" "E:\Github\Unreal_MenuSystem\PuzzlePlatforms\Intermediate\Build\Win64\PuzzlePlatformsEditor\Development\PuzzlePlatformsEditor.uhtmanifest" -LogCmds="loginit warning, logexit warning, logdatabase error" -Unattended -WarningsAsErrors -installed
Reflection code generated for PuzzlePlatformsEditor in 20.298918 seconds
@progress pop
Deleted hot-reload file: E:\Github\Unreal_PuzzlePlatformer_Multiplayer\PuzzlePlatforms\Binaries\Win64\UE4Editor-PuzzlePlatforms-0010.dll
Deleted hot-reload file: E:\Github\Unreal_PuzzlePlatformer_Multiplayer\PuzzlePlatforms\Binaries\Win64\UE4Editor-PuzzlePlatforms-0011.dll
Deleted hot-reload file: E:\Github\Unreal_PuzzlePlatformer_Multiplayer\PuzzlePlatforms\Binaries\Win64\UE4Editor-PuzzlePlatforms-0013.dll
Deleted hot-reload file: E:\Github\Unreal_PuzzlePlatformer_Multiplayer\PuzzlePlatforms\Binaries\Win64\UE4Editor-PuzzlePlatforms-0014.dll
Deleted hot-reload file: E:\Github\Unreal_PuzzlePlatformer_Multiplayer\PuzzlePlatforms\Binaries\Win64\UE4Editor-PuzzlePlatforms-0016.dll
Deleted hot-reload file: E:\Github\Unreal_PuzzlePlatformer_Multiplayer\PuzzlePlatforms\Binaries\Win64\UE4Editor-PuzzlePlatforms-0017.dll
Deleted hot-reload file: E:\Github\Unreal_PuzzlePlatformer_Multiplayer\PuzzlePlatforms\Binaries\Win64\UE4Editor-PuzzlePlatforms-0021.dll
Deleted hot-reload file: E:\Github\Unreal_PuzzlePlatformer_Multiplayer\PuzzlePlatforms\Binaries\Win64\UE4Editor-PuzzlePlatforms-0023.dll
Deleted hot-reload file: E:\Github\Unreal_PuzzlePlatformer_Multiplayer\PuzzlePlatforms\Binaries\Win64\UE4Editor-PuzzlePlatforms-0025.dll
Deleted hot-reload file: E:\Github\Unreal_PuzzlePlatformer_Multiplayer\PuzzlePlatforms\Binaries\Win64\UE4Editor-PuzzlePlatforms-0026.dll
Deleted hot-reload file: E:\Github\Unreal_PuzzlePlatformer_Multiplayer\PuzzlePlatforms\Binaries\Win64\UE4Editor-PuzzlePlatforms-0027.dll
Deleted hot-reload file: E:\Github\Unreal_PuzzlePlatformer_Multiplayer\PuzzlePlatforms\Intermediate\Build\Win64\UE4Editor\Development\PuzzlePlatforms\UE4Editor-PuzzlePlatforms-0010.lib
Deleted hot-reload file: E:\Github\Unreal_PuzzlePlatformer_Multiplayer\PuzzlePlatforms\Intermediate\Build\Win64\UE4Editor\Development\PuzzlePlatforms\UE4Editor-PuzzlePlatforms-0011.lib
Deleted hot-reload file: E:\Github\Unreal_PuzzlePlatformer_Multiplayer\PuzzlePlatforms\Intermediate\Build\Win64\UE4Editor\Development\PuzzlePlatforms\UE4Editor-PuzzlePlatforms-0013.lib
Deleted hot-reload file: E:\Github\Unreal_PuzzlePlatformer_Multiplayer\PuzzlePlatforms\Intermediate\Build\Win64\UE4Editor\Development\PuzzlePlatforms\UE4Editor-PuzzlePlatforms-0014.lib
Deleted hot-reload file: E:\Github\Unreal_PuzzlePlatformer_Multiplayer\PuzzlePlatforms\Intermediate\Build\Win64\UE4Editor\Development\PuzzlePlatforms\UE4Editor-PuzzlePlatforms-0016.lib
Deleted hot-reload file: E:\Github\Unreal_PuzzlePlatformer_Multiplayer\PuzzlePlatforms\Intermediate\Build\Win64\UE4Editor\Development\PuzzlePlatforms\UE4Editor-PuzzlePlatforms-0017.lib
Deleted hot-reload file: E:\Github\Unreal_PuzzlePlatformer_Multiplayer\PuzzlePlatforms\Intermediate\Build\Win64\UE4Editor\Development\PuzzlePlatforms\UE4Editor-PuzzlePlatforms-0021.lib
Deleted hot-reload file: E:\Github\Unreal_PuzzlePlatformer_Multiplayer\PuzzlePlatforms\Intermediate\Build\Win64\UE4Editor\Development\PuzzlePlatforms\UE4Editor-PuzzlePlatforms-0023.lib
Deleted hot-reload file: E:\Github\Unreal_PuzzlePlatformer_Multiplayer\PuzzlePlatforms\Intermediate\Build\Win64\UE4Editor\Development\PuzzlePlatforms\UE4Editor-PuzzlePlatforms-0025.lib
Deleted hot-reload file: E:\Github\Unreal_PuzzlePlatformer_Multiplayer\PuzzlePlatforms\Intermediate\Build\Win64\UE4Editor\Development\PuzzlePlatforms\UE4Editor-PuzzlePlatforms-0026.lib
Deleted hot-reload file: E:\Github\Unreal_PuzzlePlatformer_Multiplayer\PuzzlePlatforms\Intermediate\Build\Win64\UE4Editor\Development\PuzzlePlatforms\UE4Editor-PuzzlePlatforms-0027.lib
Building PuzzlePlatformsEditor...
Using Visual Studio 2019 14.25.28612 toolchain (C:\Program Files (x86)\Microsoft Visual Studio\2019\Community\VC\Tools\MSVC\14.25.28610) and Windows 10.0.18362.0 SDK (C:\Program Files (x86)\Windows Kits\10).
Building 17 actions with 16 processes...
  @progress 'Compiling C++ source code...' 0%
  @progress 'Compiling C++ source code...' 6%
  [1/17] Default.rc2
  @progress 'Compiling C++ source code...' 12%
  [2/17] SharedPCH.Engine.ShadowErrors.cpp
  @progress 'Compiling C++ source code...' 18%
  [3/17] PuzzlePlatforms.cpp
  @progress 'Compiling C++ source code...' 24%
  [4/17] MovingPlatform.cpp
  @progress 'Compiling C++ source code...' 29%
  [5/17] PuzzlePlatformsGameInstance.cpp
  @progress 'Compiling C++ source code...' 35%
  [6/17] PuzzlePlatforms.init.gen.cpp
  @progress 'Compiling C++ source code...' 41%
  [7/17] PuzzlePlatformsGameInstance.gen.cpp
  @progress 'Compiling C++ source code...' 47%
  [8/17] MovingPlatform.gen.cpp
  @progress 'Compiling C++ source code...' 53%
  [9/17] PlatformTrigger.gen.cpp
  @progress 'Compiling C++ source code...' 59%
  [10/17] PuzzlePlatformsGameMode.gen.cpp
  @progress 'Compiling C++ source code...' 65%
  [11/17] PlatformTrigger.cpp
  @progress 'Compiling C++ source code...' 71%
  [12/17] PuzzlePlatformsCharacter.gen.cpp
  @progress 'Compiling C++ source code...' 76%
  [13/17] PuzzlePlatformsGameMode.cpp
  @progress 'Compiling C++ source code...' 82%
  [14/17] PuzzlePlatformsCharacter.cpp
  @progress 'Compiling C++ source code...' 88%
  [15/17] UE4Editor-PuzzlePlatforms.lib
     Creating library E:\Github\Unreal_MenuSystem\PuzzlePlatforms\Intermediate\Build\Win64\UE4Editor\Development\PuzzlePlatforms\UE4Editor-PuzzlePlatforms.lib and object E:\Github\Unreal_MenuSystem\PuzzlePlatforms\Intermediate\Build\Win64\UE4Editor\Development\PuzzlePlatforms\UE4Editor-PuzzlePlatforms.exp
  @progress 'Compiling C++ source code...' 94%
  [16/17] UE4Editor-PuzzlePlatforms.dll
     Creating library E:\Github\Unreal_MenuSystem\PuzzlePlatforms\Intermediate\Build\Win64\UE4Editor\Development\PuzzlePlatforms\UE4Editor-PuzzlePlatforms.suppressed.lib and object E:\Github\Unreal_MenuSystem\PuzzlePlatforms\Intermediate\Build\Win64\UE4Editor\Development\PuzzlePlatforms\UE4Editor-PuzzlePlatforms.suppressed.exp
  @progress 'Compiling C++ source code...' 100%
  [17/17] PuzzlePlatformsEditor.target
Total time in Parallel executor: 18.50 seconds
Total execution time: 40.65 seconds
LogInit: Using libcurl 7.55.1-DEV
LogInit:  - built for x86_64-pc-win32
LogInit:  - supports SSL with OpenSSL/1.1.1
LogInit:  - supports HTTP deflate (compression) using libz 1.2.8
LogInit:  - other features:
LogInit:      CURL_VERSION_SSL
LogInit:      CURL_VERSION_LIBZ
LogInit:      CURL_VERSION_IPV6
LogInit:      CURL_VERSION_ASYNCHDNS
LogInit:      CURL_VERSION_LARGEFILE
LogInit:      CURL_VERSION_IDN
LogInit:  CurlRequestOptions (configurable via config and command line):
LogInit:  - bVerifyPeer = true  - Libcurl will verify peer certificate
LogInit:  - bUseHttpProxy = false  - Libcurl will NOT use HTTP proxy
LogInit:  - bDontReuseConnections = false  - Libcurl will reuse connections
LogInit:  - MaxHostConnections = 16  - Libcurl will limit the number of connections to a host
LogInit:  - LocalHostAddr = Default
LogInit:  - BufferSize = 65536
LogOnline: OSS: Creating online subsystem instance for: NULL
LogInit: WinSock: version 1.1 (2.2), MaxSocks=32767, MaxUdp=65467
LogOnline: OSS: TryLoadSubsystemAndSetDefault: Loaded subsystem for module [NULL]
LogHMD: Failed initializing OVRPlugin 1.40.0
LogInit: Build: ++UE4+Release-4.24-CL-11590370
LogInit: Engine Version: 4.24.3-11590370+++UE4+Release-4.24
LogInit: Compatible Engine Version: 4.24.0-10570792+++UE4+Release-4.24
LogInit: Net CL: 10570792
LogInit: OS: Windows 10 (Release 2004) (), CPU: Intel(R) Core(TM) i9-9900KF CPU @ 3.60GHz, GPU: NVIDIA GeForce RTX 2080 Ti
LogInit: Compiled (64-bit): Feb 24 2020 15:39:18
LogInit: Compiled with Visual C++: 19.16.27032.01
LogInit: Build Configuration: Development
LogInit: Branch Name: ++UE4+Release-4.24
LogInit: Command Line: 
LogInit: Base Directory: C:/Program Files/Epic Games/UE_4.24/Engine/Binaries/Win64/
LogInit: Installed Engine Build: 1
LogDevObjectVersion: Number of dev versions registered: 25
LogDevObjectVersion:   Dev-Blueprints (B0D832E4-1F89-4F0D-ACCF-7EB736FD4AA2): 10
LogDevObjectVersion:   Dev-Build (E1C64328-A22C-4D53-A36C-8E866417BD8C): 0
LogDevObjectVersion:   Dev-Core (375EC13C-06E4-48FB-B500-84F0262A717E): 3
LogDevObjectVersion:   Dev-Editor (E4B068ED-F494-42E9-A231-DA0B2E46BB41): 37
LogDevObjectVersion:   Dev-Framework (CFFC743F-43B0-4480-9391-14DF171D2073): 36
LogDevObjectVersion:   Dev-Mobile (B02B49B5-BB20-44E9-A304-32B752E40360): 2
LogDevObjectVersion:   Dev-Networking (A4E4105C-59A1-49B5-A7C5-40C4547EDFEE): 0
LogDevObjectVersion:   Dev-Online (39C831C9-5AE6-47DC-9A44-9C173E1C8E7C): 0
LogDevObjectVersion:   Dev-Physics (78F01B33-EBEA-4F98-B9B4-84EACCB95AA2): 2
LogDevObjectVersion:   Dev-Platform (6631380F-2D4D-43E0-8009-CF276956A95A): 0
LogDevObjectVersion:   Dev-Rendering (12F88B9F-8875-4AFC-A67C-D90C383ABD29): 36
LogDevObjectVersion:   Dev-Sequencer (7B5AE74C-D270-4C10-A958-57980B212A5A): 11
LogDevObjectVersion:   Dev-VR (D7296918-1DD6-4BDD-9DE2-64A83CC13884): 2
LogDevObjectVersion:   Dev-LoadTimes (C2A15278-BFE7-4AFE-6C17-90FF531DF755): 1
LogDevObjectVersion:   Private-Geometry (6EACA3D4-40EC-4CC1-B786-8BED09428FC5): 3
LogDevObjectVersion:   Dev-AnimPhys (29E575DD-E0A3-4627-9D10-D276232CDCEA): 17
LogDevObjectVersion:   Dev-Anim (AF43A65D-7FD3-4947-9873-3E8ED9C1BB05): 2
LogDevObjectVersion:   Dev-ReflectionCapture (6B266CEC-1EC7-4B8F-A30B-E4D90942FC07): 1
LogDevObjectVersion:   Dev-Automation (0DF73D61-A23F-47EA-B727-89E90C41499A): 1
LogDevObjectVersion:   FortniteMain (601D1886-AC64-4F84-AA16-D3DE0DEAC7D6): 31
LogDevObjectVersion:   Dev-Enterprise (9DFFBCD6-494F-0158-E221-12823C92A888): 8
LogDevObjectVersion:   Dev-Niagara (F2AED0AC-9AFE-416F-8664-AA7FFA26D6FC): 1
LogDevObjectVersion:   Dev-Destruction (174F1F0B-B4C6-45A5-B13F-2EE8D0FB917D): 9
LogDevObjectVersion:   Dev-Physics-Ext (35F94A83-E258-406C-A318-09F59610247C): 8
LogDevObjectVersion:   Dev-CineCamera (B2E18506-4273-CFC2-A54E-F4BB758BBA07): 1
LogInit: Presizing for max 25165824 objects, including 0 objects not considered by GC, pre-allocating 0 bytes for permanent pool.
LogInit: Object subsystem initialized
LogConfig: Setting CVar [[con.DebugEarlyDefault:1]]
LogConfig: Setting CVar [[r.setres:1280x720]]
[2020.04.14-21.17.11:416][  0]LogConfig: Setting CVar [[r.VSync:0]]
[2020.04.14-21.17.11:416][  0]LogConfig: Setting CVar [[r.RHICmdBypass:0]]
[2020.04.14-21.17.11:416][  0]LogConfig: Applying CVar settings from Section [/Script/Engine.RendererSettings] File [E:/Github/Unreal_MenuSystem/PuzzlePlatforms/Saved/Config/Windows/Engine.ini]
[2020.04.14-21.17.11:416][  0]LogConfig: Setting CVar [[r.GPUCrashDebugging:0]]
[2020.04.14-21.17.11:416][  0]LogConfig: Applying CVar settings from Section [/Script/Engine.RendererOverrideSettings] File [E:/Github/Unreal_MenuSystem/PuzzlePlatforms/Saved/Config/Windows/Engine.ini]
[2020.04.14-21.17.11:416][  0]LogConfig: Applying CVar settings from Section [/Script/Engine.StreamingSettings] File [E:/Github/Unreal_MenuSystem/PuzzlePlatforms/Saved/Config/Windows/Engine.ini]
[2020.04.14-21.17.11:416][  0]LogConfig: Setting CVar [[s.MinBulkDataSizeForAsyncLoading:131072]]
[2020.04.14-21.17.11:416][  0]LogConfig: Setting CVar [[s.AsyncLoadingThreadEnabled:0]]
[2020.04.14-21.17.11:416][  0]LogConfig: Setting CVar [[s.EventDrivenLoaderEnabled:1]]
[2020.04.14-21.17.11:416][  0]LogConfig: Setting CVar [[s.WarnIfTimeLimitExceeded:0]]
[2020.04.14-21.17.11:417][  0]LogConfig: Setting CVar [[s.TimeLimitExceededMultiplier:1.5]]
[2020.04.14-21.17.11:417][  0]LogConfig: Setting CVar [[s.TimeLimitExceededMinTime:0.005]]
[2020.04.14-21.17.11:417][  0]LogConfig: Setting CVar [[s.UseBackgroundLevelStreaming:1]]
[2020.04.14-21.17.11:417][  0]LogConfig: Setting CVar [[s.PriorityAsyncLoadingExtraTime:15.0]]
[2020.04.14-21.17.11:417][  0]LogConfig: Setting CVar [[s.LevelStreamingActorsUpdateTimeLimit:5.0]]
[2020.04.14-21.17.11:417][  0]LogConfig: Setting CVar [[s.PriorityLevelStreamingActorsUpdateExtraTime:5.0]]
[2020.04.14-21.17.11:417][  0]LogConfig: Setting CVar [[s.LevelStreamingComponentsRegistrationGranularity:10]]
[2020.04.14-21.17.11:417][  0]LogConfig: Setting CVar [[s.UnregisterComponentsTimeLimit:1.0]]
[2020.04.14-21.17.11:417][  0]LogConfig: Setting CVar [[s.LevelStreamingComponentsUnregistrationGranularity:5]]
[2020.04.14-21.17.11:417][  0]LogConfig: Setting CVar [[s.FlushStreamingOnExit:1]]
[2020.04.14-21.17.11:417][  0]LogConfig: Applying CVar settings from Section [/Script/Engine.GarbageCollectionSettings] File [E:/Github/Unreal_MenuSystem/PuzzlePlatforms/Saved/Config/Windows/Engine.ini]
[2020.04.14-21.17.11:417][  0]LogConfig: Setting CVar [[gc.MaxObjectsNotConsideredByGC:1]]
[2020.04.14-21.17.11:417][  0]LogConfig: Setting CVar [[gc.SizeOfPermanentObjectPool:0]]
[2020.04.14-21.17.11:417][  0]LogConfig: Setting CVar [[gc.FlushStreamingOnGC:0]]
[2020.04.14-21.17.11:417][  0]LogConfig: Setting CVar [[gc.NumRetriesBeforeForcingGC:10]]
[2020.04.14-21.17.11:417][  0]LogConfig: Setting CVar [[gc.AllowParallelGC:1]]
[2020.04.14-21.17.11:417][  0]LogConfig: Setting CVar [[gc.TimeBetweenPurgingPendingKillObjects:61.1]]
[2020.04.14-21.17.11:417][  0]LogConfig: Setting CVar [[gc.MaxObjectsInEditor:25165824]]
[2020.04.14-21.17.11:417][  0]LogConfig: Setting CVar [[gc.IncrementalBeginDestroyEnabled:1]]
[2020.04.14-21.17.11:417][  0]LogConfig: Setting CVar [[gc.CreateGCClusters:1]]
[2020.04.14-21.17.11:417][  0]LogConfig: Setting CVar [[gc.MinGCClusterSize:5]]
[2020.04.14-21.17.11:417][  0]LogConfig: Setting CVar [[gc.ActorClusteringEnabled:0]]
[2020.04.14-21.17.11:417][  0]LogConfig: Setting CVar [[gc.BlueprintClusteringEnabled:0]]
[2020.04.14-21.17.11:417][  0]LogConfig: Setting CVar [[gc.UseDisregardForGCOnDedicatedServers:0]]
[2020.04.14-21.17.11:417][  0]LogConfig: Applying CVar settings from Section [/Script/Engine.NetworkSettings] File [E:/Github/Unreal_MenuSystem/PuzzlePlatforms/Saved/Config/Windows/Engine.ini]
[2020.04.14-21.17.11:417][  0]LogConfig: Applying CVar settings from Section [/Script/UnrealEd.CookerSettings] File [E:/Github/Unreal_MenuSystem/PuzzlePlatforms/Saved/Config/Windows/Engine.ini]
[2020.04.14-21.17.11:421][  0]LogConfig: Applying CVar settings from Section [ViewDistanceQuality@3] File [E:/Github/Unreal_MenuSystem/PuzzlePlatforms/Saved/Config/Windows/Scalability.ini]
[2020.04.14-21.17.11:421][  0]LogConfig: Setting CVar [[r.SkeletalMeshLODBias:0]]
[2020.04.14-21.17.11:421][  0]LogConfig: Setting CVar [[r.ViewDistanceScale:1.0]]
[2020.04.14-21.17.11:421][  0]LogConfig: Applying CVar settings from Section [AntiAliasingQuality@3] File [E:/Github/Unreal_MenuSystem/PuzzlePlatforms/Saved/Config/Windows/Scalability.ini]
[2020.04.14-21.17.11:421][  0]LogConfig: Setting CVar [[r.PostProcessAAQuality:4]]
[2020.04.14-21.17.11:421][  0]LogConfig: Applying CVar settings from Section [ShadowQuality@3] File [E:/Github/Unreal_MenuSystem/PuzzlePlatforms/Saved/Config/Windows/Scalability.ini]
[2020.04.14-21.17.11:421][  0]LogConfig: Setting CVar [[r.LightFunctionQuality:1]]
[2020.04.14-21.17.11:421][  0]LogConfig: Setting CVar [[r.ShadowQuality:5]]
[2020.04.14-21.17.11:421][  0]LogConfig: Setting CVar [[r.Shadow.CSM.MaxCascades:10]]
[2020.04.14-21.17.11:421][  0]LogConfig: Setting CVar [[r.Shadow.MaxResolution:2048]]
[2020.04.14-21.17.11:421][  0]LogConfig: Setting CVar [[r.Shadow.MaxCSMResolution:2048]]
[2020.04.14-21.17.11:421][  0]LogConfig: Setting CVar [[r.Shadow.RadiusThreshold:0.01]]
[2020.04.14-21.17.11:421][  0]LogConfig: Setting CVar [[r.Shadow.DistanceScale:1.0]]
[2020.04.14-21.17.11:421][  0]LogConfig: Setting CVar [[r.Shadow.CSM.TransitionScale:1.0]]
[2020.04.14-21.17.11:421][  0]LogConfig: Setting CVar [[r.Shadow.PreShadowResolutionFactor:1.0]]
[2020.04.14-21.17.11:421][  0]LogConfig: Setting CVar [[r.DistanceFieldShadowing:1]]
[2020.04.14-21.17.11:421][  0]LogConfig: Setting CVar [[r.DistanceFieldAO:1]]
[2020.04.14-21.17.11:421][  0]LogConfig: Setting CVar [[r.AOQuality:2]]
[2020.04.14-21.17.11:421][  0]LogConfig: Setting CVar [[r.VolumetricFog:1]]
[2020.04.14-21.17.11:421][  0]LogConfig: Setting CVar [[r.VolumetricFog.GridPixelSize:8]]
[2020.04.14-21.17.11:421][  0]LogConfig: Setting CVar [[r.VolumetricFog.GridSizeZ:128]]
[2020.04.14-21.17.11:421][  0]LogConfig: Setting CVar [[r.VolumetricFog.HistoryMissSupersampleCount:4]]
[2020.04.14-21.17.11:421][  0]LogConfig: Setting CVar [[r.LightMaxDrawDistanceScale:1]]
[2020.04.14-21.17.11:421][  0]LogConfig: Setting CVar [[r.CapsuleShadows:1]]
[2020.04.14-21.17.11:421][  0]LogConfig: Applying CVar settings from Section [PostProcessQuality@3] File [E:/Github/Unreal_MenuSystem/PuzzlePlatforms/Saved/Config/Windows/Scalability.ini]
[2020.04.14-21.17.11:421][  0]LogConfig: Setting CVar [[r.MotionBlurQuality:4]]
[2020.04.14-21.17.11:421][  0]LogConfig: Setting CVar [[r.AmbientOcclusionMipLevelFactor:0.4]]
[2020.04.14-21.17.11:421][  0]LogConfig: Setting CVar [[r.AmbientOcclusionMaxQuality:100]]
[2020.04.14-21.17.11:421][  0]LogConfig: Setting CVar [[r.AmbientOcclusionLevels:-1]]
[2020.04.14-21.17.11:421][  0]LogConfig: Setting CVar [[r.AmbientOcclusionRadiusScale:1.0]]
[2020.04.14-21.17.11:421][  0]LogConfig: Setting CVar [[r.DepthOfFieldQuality:2]]
[2020.04.14-21.17.11:421][  0]LogConfig: Setting CVar [[r.RenderTargetPoolMin:400]]
[2020.04.14-21.17.11:421][  0]LogConfig: Setting CVar [[r.LensFlareQuality:2]]
[2020.04.14-21.17.11:421][  0]LogConfig: Setting CVar [[r.SceneColorFringeQuality:1]]
[2020.04.14-21.17.11:421][  0]LogConfig: Setting CVar [[r.EyeAdaptationQuality:2]]
[2020.04.14-21.17.11:421][  0]LogConfig: Setting CVar [[r.BloomQuality:5]]
[2020.04.14-21.17.11:421][  0]LogConfig: Setting CVar [[r.FastBlurThreshold:100]]
[2020.04.14-21.17.11:421][  0]LogConfig: Setting CVar [[r.Upscale.Quality:3]]
[2020.04.14-21.17.11:421][  0]LogConfig: Setting CVar [[r.Tonemapper.GrainQuantization:1]]
[2020.04.14-21.17.11:421][  0]LogConfig: Setting CVar [[r.LightShaftQuality:1]]
[2020.04.14-21.17.11:421][  0]LogConfig: Setting CVar [[r.Filter.SizeScale:1]]
[2020.04.14-21.17.11:421][  0]LogConfig: Setting CVar [[r.Tonemapper.Quality:5]]
[2020.04.14-21.17.11:421][  0]LogConfig: Setting CVar [[r.DOF.Gather.AccumulatorQuality:1        ; higher gathering accumulator quality]]
[2020.04.14-21.17.11:421][  0]LogConfig: Setting CVar [[r.DOF.Gather.PostfilterMethod:1          ; Median3x3 postfilering method]]
[2020.04.14-21.17.11:421][  0]LogConfig: Setting CVar [[r.DOF.Gather.EnableBokehSettings:0       ; no bokeh simulation when gathering]]
[2020.04.14-21.17.11:421][  0]LogConfig: Setting CVar [[r.DOF.Gather.RingCount:4                 ; medium number of samples when gathering]]
[2020.04.14-21.17.11:421][  0]LogConfig: Setting CVar [[r.DOF.Scatter.ForegroundCompositing:1    ; additive foreground scattering]]
[2020.04.14-21.17.11:421][  0]LogConfig: Setting CVar [[r.DOF.Scatter.BackgroundCompositing:2    ; additive background scattering]]
[2020.04.14-21.17.11:421][  0]LogConfig: Setting CVar [[r.DOF.Scatter.EnableBokehSettings:1      ; bokeh simulation when scattering]]
[2020.04.14-21.17.11:421][  0]LogConfig: Setting CVar [[r.DOF.Scatter.MaxSpriteRatio:0.1         ; only a maximum of 10% of scattered bokeh]]
[2020.04.14-21.17.11:421][  0]LogConfig: Setting CVar [[r.DOF.Recombine.Quality:1                ; cheap slight out of focus]]
[2020.04.14-21.17.11:421][  0]LogConfig: Setting CVar [[r.DOF.Recombine.EnableBokehSettings:0    ; no bokeh simulation on slight out of focus]]
[2020.04.14-21.17.11:421][  0]LogConfig: Setting CVar [[r.DOF.TemporalAAQuality:1                ; more stable temporal accumulation]]
[2020.04.14-21.17.11:421][  0]LogConfig: Setting CVar [[r.DOF.Kernel.MaxForegroundRadius:0.025]]
[2020.04.14-21.17.11:421][  0]LogConfig: Setting CVar [[r.DOF.Kernel.MaxBackgroundRadius:0.025]]
[2020.04.14-21.17.11:421][  0]LogConfig: Applying CVar settings from Section [TextureQuality@3] File [E:/Github/Unreal_MenuSystem/PuzzlePlatforms/Saved/Config/Windows/Scalability.ini]
[2020.04.14-21.17.11:421][  0]LogConfig: Setting CVar [[r.Streaming.MipBias:0]]
[2020.04.14-21.17.11:421][  0]LogConfig: Setting CVar [[r.Streaming.AmortizeCPUToGPUCopy:0]]
[2020.04.14-21.17.11:421][  0]LogConfig: Setting CVar [[r.Streaming.MaxNumTexturesToStreamPerFrame:0]]
[2020.04.14-21.17.11:421][  0]LogConfig: Setting CVar [[r.Streaming.Boost:1]]
[2020.04.14-21.17.11:421][  0]LogConfig: Setting CVar [[r.MaxAnisotropy:8]]
[2020.04.14-21.17.11:421][  0]LogConfig: Setting CVar [[r.VT.MaxAnisotropy:8]]
[2020.04.14-21.17.11:422][  0]LogConfig: Setting CVar [[r.Streaming.LimitPoolSizeToVRAM:0]]
[2020.04.14-21.17.11:422][  0]LogConfig: Setting CVar [[r.Streaming.PoolSize:1000]]
[2020.04.14-21.17.11:422][  0]LogConfig: Setting CVar [[r.Streaming.MaxEffectiveScreenSize:0]]
[2020.04.14-21.17.11:422][  0]LogConfig: Applying CVar settings from Section [EffectsQuality@3] File [E:/Github/Unreal_MenuSystem/PuzzlePlatforms/Saved/Config/Windows/Scalability.ini]
[2020.04.14-21.17.11:422][  0]LogConfig: Setting CVar [[r.TranslucencyLightingVolumeDim:64]]
[2020.04.14-21.17.11:422][  0]LogConfig: Setting CVar [[r.RefractionQuality:2]]
[2020.04.14-21.17.11:422][  0]LogConfig: Setting CVar [[r.SSR.Quality:3]]
[2020.04.14-21.17.11:422][  0]LogConfig: Setting CVar [[r.SSR.HalfResSceneColor:0]]
[2020.04.14-21.17.11:422][  0]LogConfig: Setting CVar [[r.SceneColorFormat:4]]
[2020.04.14-21.17.11:422][  0]LogConfig: Setting CVar [[r.DetailMode:2]]
[2020.04.14-21.17.11:422][  0]LogConfig: Setting CVar [[r.TranslucencyVolumeBlur:1]]
[2020.04.14-21.17.11:422][  0]LogConfig: Setting CVar [[r.MaterialQualityLevel:1 ; High quality]]
[2020.04.14-21.17.11:422][  0]LogConfig: Setting CVar [[r.SSS.Scale:1]]
[2020.04.14-21.17.11:422][  0]LogConfig: Setting CVar [[r.SSS.SampleSet:2]]
[2020.04.14-21.17.11:422][  0]LogConfig: Setting CVar [[r.SSS.Quality:1]]
[2020.04.14-21.17.11:422][  0]LogConfig: Setting CVar [[r.SSS.HalfRes:1]]
[2020.04.14-21.17.11:422][  0]LogConfig: Setting CVar [[r.SSGI.Quality:3]]
[2020.04.14-21.17.11:422][  0]LogConfig: Setting CVar [[r.EmitterSpawnRateScale:1.0]]
[2020.04.14-21.17.11:422][  0]LogConfig: Setting CVar [[r.ParticleLightQuality:2]]
[2020.04.14-21.17.11:422][  0]LogConfig: Setting CVar [[r.SkyAtmosphere.AerialPerspectiveLUT.FastApplyOnOpaque:1 ; Always have FastSkyLUT 1 in this case to avoid wrong sky]]
[2020.04.14-21.17.11:422][  0]LogConfig: Setting CVar [[r.SkyAtmosphere.AerialPerspectiveLUT.SampleCountPerSlice:1]]
[2020.04.14-21.17.11:422][  0]LogConfig: Setting CVar [[r.SkyAtmosphere.AerialPerspectiveLUT.DepthResolution:16.0]]
[2020.04.14-21.17.11:422][  0]LogConfig: Setting CVar [[r.SkyAtmosphere.FastSkyLUT:1]]
[2020.04.14-21.17.11:422][  0]LogConfig: Setting CVar [[r.SkyAtmosphere.FastSkyLUT.SampleCountMin:4.0]]
[2020.04.14-21.17.11:422][  0]LogConfig: Setting CVar [[r.SkyAtmosphere.FastSkyLUT.SampleCountMax:32.0]]
[2020.04.14-21.17.11:422][  0]LogConfig: Setting CVar [[r.SkyAtmosphere.SampleCountMin:4.0]]
[2020.04.14-21.17.11:422][  0]LogConfig: Setting CVar [[r.SkyAtmosphere.SampleCountMax:32.0]]
[2020.04.14-21.17.11:422][  0]LogConfig: Setting CVar [[r.SkyAtmosphere.TransmittanceLUT.UseSmallFormat:0]]
[2020.04.14-21.17.11:422][  0]LogConfig: Setting CVar [[r.SkyAtmosphere.TransmittanceLUT.SampleCount:10.0]]
[2020.04.14-21.17.11:422][  0]LogConfig: Setting CVar [[r.SkyAtmosphere.MultiScatteringLUT.SampleCount:15.0]]
[2020.04.14-21.17.11:422][  0]LogConfig: Applying CVar settings from Section [FoliageQuality@3] File [E:/Github/Unreal_MenuSystem/PuzzlePlatforms/Saved/Config/Windows/Scalability.ini]
[2020.04.14-21.17.11:422][  0]LogConfig: Setting CVar [[foliage.DensityScale:1.0]]
[2020.04.14-21.17.11:422][  0]LogConfig: Setting CVar [[grass.DensityScale:1.0]]
[2020.04.14-21.17.11:422][  0]LogConfig: Applying CVar settings from Section [ShadingQuality@3] File [E:/Github/Unreal_MenuSystem/PuzzlePlatforms/Saved/Config/Windows/Scalability.ini]
[2020.04.14-21.17.11:422][  0]LogConfig: Setting CVar [[r.HairStrands.SkyLighting.SampleCount:16]]
[2020.04.14-21.17.11:422][  0]LogConfig: Setting CVar [[r.HairStrands.SkyLighting.JitterIntegration:0]]
[2020.04.14-21.17.11:422][  0]LogConfig: Setting CVar [[r.HairStrands.SkyAO.SampleCount:16]]
[2020.04.14-21.17.11:422][  0]LogInit: Selected Device Profile: [Windows]
[2020.04.14-21.17.11:422][  0]LogInit: Applying CVar settings loaded from the selected device profile: [Windows]
[2020.04.14-21.17.11:424][  0]LogHAL: Display: Platform has ~ 32 GB [34273157120 / 34359738368 / 32], which maps to Largest [LargestMinGB=32, LargerMinGB=12, DefaultMinGB=8, SmallerMinGB=6, SmallestMinGB=0)
[2020.04.14-21.17.11:424][  0]LogInit: Going up to parent DeviceProfile []
[2020.04.14-21.17.11:424][  0]LogConfig: Applying CVar settings from Section [ViewDistanceQuality@3] File [E:/Github/Unreal_MenuSystem/PuzzlePlatforms/Saved/Config/Windows/Scalability.ini]
[2020.04.14-21.17.11:424][  0]LogConfig: Setting CVar [[r.SkeletalMeshLODBias:0]]
[2020.04.14-21.17.11:424][  0]LogConfig: Setting CVar [[r.ViewDistanceScale:1.0]]
[2020.04.14-21.17.11:424][  0]LogConfig: Applying CVar settings from Section [AntiAliasingQuality@3] File [E:/Github/Unreal_MenuSystem/PuzzlePlatforms/Saved/Config/Windows/Scalability.ini]
[2020.04.14-21.17.11:424][  0]LogConfig: Setting CVar [[r.PostProcessAAQuality:4]]
[2020.04.14-21.17.11:424][  0]LogConfig: Applying CVar settings from Section [ShadowQuality@3] File [E:/Github/Unreal_MenuSystem/PuzzlePlatforms/Saved/Config/Windows/Scalability.ini]
[2020.04.14-21.17.11:424][  0]LogConfig: Setting CVar [[r.LightFunctionQuality:1]]
[2020.04.14-21.17.11:424][  0]LogConfig: Setting CVar [[r.ShadowQuality:5]]
[2020.04.14-21.17.11:424][  0]LogConfig: Setting CVar [[r.Shadow.CSM.MaxCascades:10]]
[2020.04.14-21.17.11:424][  0]LogConfig: Setting CVar [[r.Shadow.MaxResolution:2048]]
[2020.04.14-21.17.11:424][  0]LogConfig: Setting CVar [[r.Shadow.MaxCSMResolution:2048]]
[2020.04.14-21.17.11:424][  0]LogConfig: Setting CVar [[r.Shadow.RadiusThreshold:0.01]]
[2020.04.14-21.17.11:424][  0]LogConfig: Setting CVar [[r.Shadow.DistanceScale:1.0]]
[2020.04.14-21.17.11:424][  0]LogConfig: Setting CVar [[r.Shadow.CSM.TransitionScale:1.0]]
[2020.04.14-21.17.11:424][  0]LogConfig: Setting CVar [[r.Shadow.PreShadowResolutionFactor:1.0]]
[2020.04.14-21.17.11:424][  0]LogConfig: Setting CVar [[r.DistanceFieldShadowing:1]]
[2020.04.14-21.17.11:424][  0]LogConfig: Setting CVar [[r.DistanceFieldAO:1]]
[2020.04.14-21.17.11:424][  0]LogConfig: Setting CVar [[r.AOQuality:2]]
[2020.04.14-21.17.11:424][  0]LogConfig: Setting CVar [[r.VolumetricFog:1]]
[2020.04.14-21.17.11:424][  0]LogConfig: Setting CVar [[r.VolumetricFog.GridPixelSize:8]]
[2020.04.14-21.17.11:424][  0]LogConfig: Setting CVar [[r.VolumetricFog.GridSizeZ:128]]
[2020.04.14-21.17.11:424][  0]LogConfig: Setting CVar [[r.VolumetricFog.HistoryMissSupersampleCount:4]]
[2020.04.14-21.17.11:424][  0]LogConfig: Setting CVar [[r.LightMaxDrawDistanceScale:1]]
[2020.04.14-21.17.11:424][  0]LogConfig: Setting CVar [[r.CapsuleShadows:1]]
[2020.04.14-21.17.11:424][  0]LogConfig: Applying CVar settings from Section [PostProcessQuality@3] File [E:/Github/Unreal_MenuSystem/PuzzlePlatforms/Saved/Config/Windows/Scalability.ini]
[2020.04.14-21.17.11:424][  0]LogConfig: Setting CVar [[r.MotionBlurQuality:4]]
[2020.04.14-21.17.11:424][  0]LogConfig: Setting CVar [[r.AmbientOcclusionMipLevelFactor:0.4]]
[2020.04.14-21.17.11:424][  0]LogConfig: Setting CVar [[r.AmbientOcclusionMaxQuality:100]]
[2020.04.14-21.17.11:424][  0]LogConfig: Setting CVar [[r.AmbientOcclusionLevels:-1]]
[2020.04.14-21.17.11:424][  0]LogConfig: Setting CVar [[r.AmbientOcclusionRadiusScale:1.0]]
[2020.04.14-21.17.11:424][  0]LogConfig: Setting CVar [[r.DepthOfFieldQuality:2]]
[2020.04.14-21.17.11:424][  0]LogConfig: Setting CVar [[r.RenderTargetPoolMin:400]]
[2020.04.14-21.17.11:424][  0]LogConfig: Setting CVar [[r.LensFlareQuality:2]]
[2020.04.14-21.17.11:425][  0]LogConfig: Setting CVar [[r.SceneColorFringeQuality:1]]
[2020.04.14-21.17.11:425][  0]LogConfig: Setting CVar [[r.EyeAdaptationQuality:2]]
[2020.04.14-21.17.11:425][  0]LogConfig: Setting CVar [[r.BloomQuality:5]]
[2020.04.14-21.17.11:425][  0]LogConfig: Setting CVar [[r.FastBlurThreshold:100]]
[2020.04.14-21.17.11:425][  0]LogConfig: Setting CVar [[r.Upscale.Quality:3]]
[2020.04.14-21.17.11:425][  0]LogConfig: Setting CVar [[r.Tonemapper.GrainQuantization:1]]
[2020.04.14-21.17.11:425][  0]LogConfig: Setting CVar [[r.LightShaftQuality:1]]
[2020.04.14-21.17.11:425][  0]LogConfig: Setting CVar [[r.Filter.SizeScale:1]]
[2020.04.14-21.17.11:425][  0]LogConfig: Setting CVar [[r.Tonemapper.Quality:5]]
[2020.04.14-21.17.11:425][  0]LogConfig: Setting CVar [[r.DOF.Gather.AccumulatorQuality:1        ; higher gathering accumulator quality]]
[2020.04.14-21.17.11:425][  0]LogConfig: Setting CVar [[r.DOF.Gather.PostfilterMethod:1          ; Median3x3 postfilering method]]
[2020.04.14-21.17.11:425][  0]LogConfig: Setting CVar [[r.DOF.Gather.EnableBokehSettings:0       ; no bokeh simulation when gathering]]
[2020.04.14-21.17.11:425][  0]LogConfig: Setting CVar [[r.DOF.Gather.RingCount:4                 ; medium number of samples when gathering]]
[2020.04.14-21.17.11:425][  0]LogConfig: Setting CVar [[r.DOF.Scatter.ForegroundCompositing:1    ; additive foreground scattering]]
[2020.04.14-21.17.11:425][  0]LogConfig: Setting CVar [[r.DOF.Scatter.BackgroundCompositing:2    ; additive background scattering]]
[2020.04.14-21.17.11:425][  0]LogConfig: Setting CVar [[r.DOF.Scatter.EnableBokehSettings:1      ; bokeh simulation when scattering]]
[2020.04.14-21.17.11:425][  0]LogConfig: Setting CVar [[r.DOF.Scatter.MaxSpriteRatio:0.1         ; only a maximum of 10% of scattered bokeh]]
[2020.04.14-21.17.11:425][  0]LogConfig: Setting CVar [[r.DOF.Recombine.Quality:1                ; cheap slight out of focus]]
[2020.04.14-21.17.11:425][  0]LogConfig: Setting CVar [[r.DOF.Recombine.EnableBokehSettings:0    ; no bokeh simulation on slight out of focus]]
[2020.04.14-21.17.11:425][  0]LogConfig: Setting CVar [[r.DOF.TemporalAAQuality:1                ; more stable temporal accumulation]]
[2020.04.14-21.17.11:425][  0]LogConfig: Setting CVar [[r.DOF.Kernel.MaxForegroundRadius:0.025]]
[2020.04.14-21.17.11:425][  0]LogConfig: Setting CVar [[r.DOF.Kernel.MaxBackgroundRadius:0.025]]
[2020.04.14-21.17.11:425][  0]LogConfig: Applying CVar settings from Section [TextureQuality@3] File [E:/Github/Unreal_MenuSystem/PuzzlePlatforms/Saved/Config/Windows/Scalability.ini]
[2020.04.14-21.17.11:425][  0]LogConfig: Setting CVar [[r.Streaming.MipBias:0]]
[2020.04.14-21.17.11:425][  0]LogConfig: Setting CVar [[r.Streaming.AmortizeCPUToGPUCopy:0]]
[2020.04.14-21.17.11:425][  0]LogConfig: Setting CVar [[r.Streaming.MaxNumTexturesToStreamPerFrame:0]]
[2020.04.14-21.17.11:425][  0]LogConfig: Setting CVar [[r.Streaming.Boost:1]]
[2020.04.14-21.17.11:425][  0]LogConfig: Setting CVar [[r.MaxAnisotropy:8]]
[2020.04.14-21.17.11:425][  0]LogConfig: Setting CVar [[r.VT.MaxAnisotropy:8]]
[2020.04.14-21.17.11:425][  0]LogConfig: Setting CVar [[r.Streaming.LimitPoolSizeToVRAM:0]]
[2020.04.14-21.17.11:425][  0]LogConfig: Setting CVar [[r.Streaming.PoolSize:1000]]
[2020.04.14-21.17.11:425][  0]LogConfig: Setting CVar [[r.Streaming.MaxEffectiveScreenSize:0]]
[2020.04.14-21.17.11:425][  0]LogConfig: Applying CVar settings from Section [EffectsQuality@3] File [E:/Github/Unreal_MenuSystem/PuzzlePlatforms/Saved/Config/Windows/Scalability.ini]
[2020.04.14-21.17.11:425][  0]LogConfig: Setting CVar [[r.TranslucencyLightingVolumeDim:64]]
[2020.04.14-21.17.11:425][  0]LogConfig: Setting CVar [[r.RefractionQuality:2]]
[2020.04.14-21.17.11:425][  0]LogConfig: Setting CVar [[r.SSR.Quality:3]]
[2020.04.14-21.17.11:425][  0]LogConfig: Setting CVar [[r.SSR.HalfResSceneColor:0]]
[2020.04.14-21.17.11:425][  0]LogConfig: Setting CVar [[r.SceneColorFormat:4]]
[2020.04.14-21.17.11:425][  0]LogConfig: Setting CVar [[r.DetailMode:2]]
[2020.04.14-21.17.11:425][  0]LogConfig: Setting CVar [[r.TranslucencyVolumeBlur:1]]
[2020.04.14-21.17.11:425][  0]LogConfig: Setting CVar [[r.MaterialQualityLevel:1 ; High quality]]
[2020.04.14-21.17.11:425][  0]LogConfig: Setting CVar [[r.SSS.Scale:1]]
[2020.04.14-21.17.11:425][  0]LogConfig: Setting CVar [[r.SSS.SampleSet:2]]
[2020.04.14-21.17.11:425][  0]LogConfig: Setting CVar [[r.SSS.Quality:1]]
[2020.04.14-21.17.11:425][  0]LogConfig: Setting CVar [[r.SSS.HalfRes:1]]
[2020.04.14-21.17.11:425][  0]LogConfig: Setting CVar [[r.SSGI.Quality:3]]
[2020.04.14-21.17.11:425][  0]LogConfig: Setting CVar [[r.EmitterSpawnRateScale:1.0]]
[2020.04.14-21.17.11:425][  0]LogConfig: Setting CVar [[r.ParticleLightQuality:2]]
[2020.04.14-21.17.11:425][  0]LogConfig: Setting CVar [[r.SkyAtmosphere.AerialPerspectiveLUT.FastApplyOnOpaque:1 ; Always have FastSkyLUT 1 in this case to avoid wrong sky]]
[2020.04.14-21.17.11:425][  0]LogConfig: Setting CVar [[r.SkyAtmosphere.AerialPerspectiveLUT.SampleCountPerSlice:1]]
[2020.04.14-21.17.11:425][  0]LogConfig: Setting CVar [[r.SkyAtmosphere.AerialPerspectiveLUT.DepthResolution:16.0]]
[2020.04.14-21.17.11:425][  0]LogConfig: Setting CVar [[r.SkyAtmosphere.FastSkyLUT:1]]
[2020.04.14-21.17.11:425][  0]LogConfig: Setting CVar [[r.SkyAtmosphere.FastSkyLUT.SampleCountMin:4.0]]
[2020.04.14-21.17.11:425][  0]LogConfig: Setting CVar [[r.SkyAtmosphere.FastSkyLUT.SampleCountMax:32.0]]
[2020.04.14-21.17.11:425][  0]LogConfig: Setting CVar [[r.SkyAtmosphere.SampleCountMin:4.0]]
[2020.04.14-21.17.11:425][  0]LogConfig: Setting CVar [[r.SkyAtmosphere.SampleCountMax:32.0]]
[2020.04.14-21.17.11:425][  0]LogConfig: Setting CVar [[r.SkyAtmosphere.TransmittanceLUT.UseSmallFormat:0]]
[2020.04.14-21.17.11:425][  0]LogConfig: Setting CVar [[r.SkyAtmosphere.TransmittanceLUT.SampleCount:10.0]]
[2020.04.14-21.17.11:425][  0]LogConfig: Setting CVar [[r.SkyAtmosphere.MultiScatteringLUT.SampleCount:15.0]]
[2020.04.14-21.17.11:425][  0]LogConfig: Applying CVar settings from Section [FoliageQuality@3] File [E:/Github/Unreal_MenuSystem/PuzzlePlatforms/Saved/Config/Windows/Scalability.ini]
[2020.04.14-21.17.11:425][  0]LogConfig: Setting CVar [[foliage.DensityScale:1.0]]
[2020.04.14-21.17.11:425][  0]LogConfig: Setting CVar [[grass.DensityScale:1.0]]
[2020.04.14-21.17.11:425][  0]LogConfig: Applying CVar settings from Section [ShadingQuality@3] File [E:/Github/Unreal_MenuSystem/PuzzlePlatforms/Saved/Config/Windows/Scalability.ini]
[2020.04.14-21.17.11:425][  0]LogConfig: Setting CVar [[r.HairStrands.SkyLighting.SampleCount:16]]
[2020.04.14-21.17.11:425][  0]LogConfig: Setting CVar [[r.HairStrands.SkyLighting.JitterIntegration:0]]
[2020.04.14-21.17.11:425][  0]LogConfig: Setting CVar [[r.HairStrands.SkyAO.SampleCount:16]]
[2020.04.14-21.17.11:425][  0]LogConfig: Applying CVar settings from Section [Startup] File [../../../Engine/Config/ConsoleVariables.ini]
[2020.04.14-21.17.11:425][  0]LogConfig: Setting CVar [[net.UseAdaptiveNetUpdateFrequency:0]]
[2020.04.14-21.17.11:425][  0]LogConfig: Setting CVar [[p.chaos.AllowCreatePhysxBodies:1]]
[2020.04.14-21.17.11:425][  0]LogConfig: Applying CVar settings from Section [ConsoleVariables] File [E:/Github/Unreal_MenuSystem/PuzzlePlatforms/Saved/Config/Windows/Engine.ini]
[2020.04.14-21.17.11:425][  0]LogInit: Computer: DESKTOP-22ELON2
[2020.04.14-21.17.11:425][  0]LogInit: User: shelt
[2020.04.14-21.17.11:425][  0]LogInit: CPU Page size=4096, Cores=8
[2020.04.14-21.17.11:426][  0]LogInit: High frequency timer resolution =10.000000 MHz
[2020.04.14-21.17.11:426][  0]LogMemory: Memory total: Physical=31.9GB (32GB approx)
[2020.04.14-21.17.11:426][  0]LogMemory: Platform Memory Stats for Windows
[2020.04.14-21.17.11:426][  0]LogMemory: Process Physical Memory: 116.90 MB used, 116.91 MB peak
[2020.04.14-21.17.11:426][  0]LogMemory: Process Virtual Memory: 107.25 MB used, 107.25 MB peak
[2020.04.14-21.17.11:426][  0]LogMemory: Physical Memory: 11310.27 MB used,  21375.16 MB free, 32685.43 MB total
[2020.04.14-21.17.11:426][  0]LogMemory: Virtual Memory: 5261.79 MB used,  134212464.00 MB free, 134217728.00 MB total
[2020.04.14-21.17.11:428][  0]LogWindows: WindowsPlatformFeatures enabled
[2020.04.14-21.17.11:444][  0]LogInit: Using OS detected language (en-US).
[2020.04.14-21.17.11:444][  0]LogInit: Using OS detected locale (en-US).
[2020.04.14-21.17.11:445][  0]LogTextLocalizationManager: No specific localization for 'en-US' exists, so the 'en' localization will be used.
[2020.04.14-21.17.11:589][  0]LogInit: Setting process to per monitor DPI aware
[2020.04.14-21.17.11:612][  0]LogSlate: New Slate User Created.  User Index 0, Is Virtual User: 0
[2020.04.14-21.17.11:612][  0]LogSlate: Slate User Registered.  User Index 0, Is Virtual User: 0
[2020.04.14-21.17.11:744][  0]LogHMD: Failed to initialize OpenVR with code 126
[2020.04.14-21.17.11:744][  0]LogD3D11RHI: D3D11 min allowed feature level: 11_0
[2020.04.14-21.17.11:744][  0]LogD3D11RHI: D3D11 max allowed feature level: 11_0
[2020.04.14-21.17.11:744][  0]LogD3D11RHI: D3D11 adapters:
[2020.04.14-21.17.11:815][  0]LogD3D11RHI:    0. 'NVIDIA GeForce RTX 2080 Ti' (Feature Level 11_0)
[2020.04.14-21.17.11:815][  0]LogD3D11RHI:       11049/0/16342 MB DedicatedVideo/DedicatedSystem/SharedSystem, Outputs:2, VendorId:0x10de
[2020.04.14-21.17.11:817][  0]LogD3D11RHI:    1. 'Microsoft Basic Render Driver' (Feature Level 11_0)
[2020.04.14-21.17.11:817][  0]LogD3D11RHI:       0/0/16342 MB DedicatedVideo/DedicatedSystem/SharedSystem, Outputs:0, VendorId:0x1414
[2020.04.14-21.17.11:817][  0]LogD3D11RHI: Chosen D3D11 Adapter: 0
[2020.04.14-21.17.11:827][  0]LogD3D11RHI: Creating new Direct3DDevice
[2020.04.14-21.17.11:827][  0]LogD3D11RHI:     GPU DeviceId: 0x1e07 (for the marketing name, search the web for "GPU Device Id")
[2020.04.14-21.17.11:827][  0]LogWindows: EnumDisplayDevices:
[2020.04.14-21.17.11:828][  0]LogWindows:    0. 'NVIDIA GeForce RTX 2080 Ti' (P:0 D:1)
[2020.04.14-21.17.11:828][  0]LogWindows:    1. 'NVIDIA GeForce RTX 2080 Ti' (P:1 D:1)
[2020.04.14-21.17.11:828][  0]LogWindows:    2. 'NVIDIA GeForce RTX 2080 Ti' (P:0 D:0)
[2020.04.14-21.17.11:829][  0]LogWindows:    3. 'NVIDIA GeForce RTX 2080 Ti' (P:0 D:0)
[2020.04.14-21.17.11:829][  0]LogWindows: DebugString: FoundDriverCount:4 
[2020.04.14-21.17.11:829][  0]LogD3D11RHI:     Adapter Name: NVIDIA GeForce RTX 2080 Ti
[2020.04.14-21.17.11:829][  0]LogD3D11RHI:   Driver Version: 445.75 (internal:26.21.14.4575, unified:445.75)
[2020.04.14-21.17.11:829][  0]LogD3D11RHI:      Driver Date: 3-17-2020
[2020.04.14-21.17.11:829][  0]LogRHI: Texture pool is 7734 MB (70% of 11049 MB)
[2020.04.14-21.17.11:887][  0]LogD3D11RHI: RHI has support for 64 bit atomics
[2020.04.14-21.17.11:887][  0]LogD3D11RHI: Async texture creation enabled
[2020.04.14-21.17.12:003][  0]LogD3D11RHI: GPU Timing Frequency: 1000.000000 (Debug: 2 1)
[2020.04.14-21.17.12:251][  0]LogTargetPlatformManager: Display: Loaded TargetPlatform 'AllDesktop'
[2020.04.14-21.17.12:276][  0]LogTargetPlatformManager: Display: Loaded TargetPlatform 'Android'
[2020.04.14-21.17.12:276][  0]LogTargetPlatformManager: Display: Loaded TargetPlatform 'Android_ASTC'
[2020.04.14-21.17.12:276][  0]LogTargetPlatformManager: Display: Loaded TargetPlatform 'Android_ATC'
[2020.04.14-21.17.12:276][  0]LogTargetPlatformManager: Display: Loaded TargetPlatform 'Android_DXT'
[2020.04.14-21.17.12:276][  0]LogTargetPlatformManager: Display: Loaded TargetPlatform 'Android_ETC1'
[2020.04.14-21.17.12:276][  0]LogTargetPlatformManager: Display: Loaded TargetPlatform 'Android_ETC1a'
[2020.04.14-21.17.12:276][  0]LogTargetPlatformManager: Display: Loaded TargetPlatform 'Android_ETC2'
[2020.04.14-21.17.12:276][  0]LogTargetPlatformManager: Display: Loaded TargetPlatform 'Android_PVRTC'
[2020.04.14-21.17.12:276][  0]LogTargetPlatformManager: Display: Loaded TargetPlatform 'AndroidClient'
[2020.04.14-21.17.12:276][  0]LogTargetPlatformManager: Display: Loaded TargetPlatform 'Android_ASTCClient'
[2020.04.14-21.17.12:276][  0]LogTargetPlatformManager: Display: Loaded TargetPlatform 'Android_ATCClient'
[2020.04.14-21.17.12:276][  0]LogTargetPlatformManager: Display: Loaded TargetPlatform 'Android_DXTClient'
[2020.04.14-21.17.12:276][  0]LogTargetPlatformManager: Display: Loaded TargetPlatform 'Android_ETC1Client'
[2020.04.14-21.17.12:276][  0]LogTargetPlatformManager: Display: Loaded TargetPlatform 'Android_ETC1aClient'
[2020.04.14-21.17.12:276][  0]LogTargetPlatformManager: Display: Loaded TargetPlatform 'Android_ETC2Client'
[2020.04.14-21.17.12:276][  0]LogTargetPlatformManager: Display: Loaded TargetPlatform 'Android_PVRTCClient'
[2020.04.14-21.17.12:276][  0]LogTargetPlatformManager: Display: Loaded TargetPlatform 'Android_Multi'
[2020.04.14-21.17.12:276][  0]LogTargetPlatformManager: Display: Loaded TargetPlatform 'Android_MultiClient'
[2020.04.14-21.17.12:291][  0]LogTargetPlatformManager: Display: Loaded TargetPlatform 'IOSClient'
[2020.04.14-21.17.12:291][  0]LogTargetPlatformManager: Display: Loaded TargetPlatform 'IOS'
[2020.04.14-21.17.12:296][  0]LogTargetPlatformManager: Display: Loaded TargetPlatform 'LinuxNoEditor'
[2020.04.14-21.17.12:302][  0]LogTargetPlatformManager: Display: Loaded TargetPlatform 'LinuxClient'
[2020.04.14-21.17.12:308][  0]LogTargetPlatformManager: Display: Loaded TargetPlatform 'LinuxServer'
[2020.04.14-21.17.12:313][  0]LogTargetPlatformManager: Display: Loaded TargetPlatform 'LinuxAArch64NoEditor'
[2020.04.14-21.17.12:319][  0]LogTargetPlatformManager: Display: Loaded TargetPlatform 'LinuxAArch64Client'
[2020.04.14-21.17.12:325][  0]LogTargetPlatformManager: Display: Loaded TargetPlatform 'LinuxAArch64Server'
[2020.04.14-21.17.12:344][  0]LogTargetPlatformManager: Display: Loaded TargetPlatform 'Lumin'
[2020.04.14-21.17.12:344][  0]LogTargetPlatformManager: Display: Loaded TargetPlatform 'LuminClient'
[2020.04.14-21.17.12:355][  0]LogTargetPlatformManager: Display: Loaded TargetPlatform 'TVOSClient'
[2020.04.14-21.17.12:355][  0]LogTargetPlatformManager: Display: Loaded TargetPlatform 'TVOS'
[2020.04.14-21.17.12:363][  0]LogTargetPlatformManager: Display: Loaded TargetPlatform 'WindowsNoEditor'
[2020.04.14-21.17.12:370][  0]LogTargetPlatformManager: Display: Loaded TargetPlatform 'Windows'
[2020.04.14-21.17.12:376][  0]LogTargetPlatformManager: Display: Loaded TargetPlatform 'WindowsClient'
[2020.04.14-21.17.12:381][  0]LogTargetPlatformManager: Display: Loaded TargetPlatform 'WindowsServer'
[2020.04.14-21.17.12:381][  0]LogTargetPlatformManager: Display: Building Assets For Windows
[2020.04.14-21.17.12:384][  0]LogAudioDebug: Display: Lib vorbis DLL was dynamically loaded.
[2020.04.14-21.17.12:408][  0]LogShaderCompilers: Guid format shader working directory is 3 characters bigger than the processId version (E:/Github/Unreal_MenuSystem/PuzzlePlatforms/Intermediate/Shaders/WorkingDirectory/7592/).
[2020.04.14-21.17.12:408][  0]LogShaderCompilers: Cleaned the shader compiler working directory 'C:/Users/shelt/AppData/Local/Temp/UnrealShaderWorkingDir/2B6A6F4A49E240CF70C6C5B241E4485D/'.
[2020.04.14-21.17.12:408][  0]LogXGEController: Cleaning working directory: C:/Users/shelt/AppData/Local/Temp/UnrealXGEWorkingDir/
[2020.04.14-21.17.12:409][  0]LogXGEController: Cannot use XGE Controller as Incredibuild is not installed on this machine.
[2020.04.14-21.17.12:409][  0]LogShaderCompilers: Cannot use XGE Shader Compiler as Incredibuild is not installed on this machine.
[2020.04.14-21.17.12:409][  0]LogShaderCompilers: Display: Using Local Shader Compiler.
[2020.04.14-21.17.12:961][  0]LogDerivedDataCache: Display: Max Cache Size: 512 MB
[2020.04.14-21.17.13:027][  0]LogDerivedDataCache: Loaded boot cache 0.07s 85MB C:/Users/shelt/AppData/Local/UnrealEngine/4.24/DerivedDataCache/Boot.ddc.
[2020.04.14-21.17.13:027][  0]LogDerivedDataCache: Display: Loaded Boot cache: C:/Users/shelt/AppData/Local/UnrealEngine/4.24/DerivedDataCache/Boot.ddc
[2020.04.14-21.17.13:027][  0]LogDerivedDataCache: FDerivedDataBackendGraph:  Pak pak cache file E:/Github/Unreal_MenuSystem/PuzzlePlatforms/DerivedDataCache/DDC.ddp not found, will not use a pak cache.
[2020.04.14-21.17.13:027][  0]LogDerivedDataCache: Unable to find inner node Pak for hierarchical cache Hierarchy.
[2020.04.14-21.17.13:027][  0]LogDerivedDataCache: FDerivedDataBackendGraph:  CompressedPak pak cache file E:/Github/Unreal_MenuSystem/PuzzlePlatforms/DerivedDataCache/Compressed.ddp not found, will not use a pak cache.
[2020.04.14-21.17.13:027][  0]LogDerivedDataCache: Unable to find inner node CompressedPak for hierarchical cache Hierarchy.
[2020.04.14-21.17.13:035][  0]LogDerivedDataCache: Display: Pak cache opened for reading ../../../Engine/DerivedDataCache/Compressed.ddp.
[2020.04.14-21.17.13:035][  0]LogDerivedDataCache: FDerivedDataBackendGraph:  EnterprisePak pak cache file ../../../Enterprise/DerivedDataCache/Compressed.ddp not found, will not use a pak cache.
[2020.04.14-21.17.13:035][  0]LogDerivedDataCache: Unable to find inner node EnterprisePak for hierarchical cache Hierarchy.
[2020.04.14-21.17.13:036][  0]LogDerivedDataCache: Using Local data cache path C:/Users/shelt/AppData/Local/UnrealEngine/Common/DerivedDataCache: Writable
[2020.04.14-21.17.13:036][  0]LogDerivedDataCache: Shared data cache path not found in *engine.ini, will not use an Shared cache.
[2020.04.14-21.17.13:036][  0]LogDerivedDataCache: Unable to find inner node Shared for hierarchical cache Hierarchy.
[2020.04.14-21.17.13:059][  0]LogMaterial: Verifying Global Shaders for PCD3D_SM5
[2020.04.14-21.17.13:061][  0]LogSlate: Using FreeType 2.10.0
[2020.04.14-21.17.13:061][  0]LogSlate: SlateFontServices - WITH_FREETYPE: 1, WITH_HARFBUZZ: 1
[2020.04.14-21.17.13:102][  0]LogAssetRegistry: FAssetRegistry took 0.0019 seconds to start up
[2020.04.14-21.17.13:338][  0]LogInit: Selected Device Profile: [Windows]
[2020.04.14-21.17.13:474][  0]LogMeshReduction: Using QuadricMeshReduction for automatic static mesh reduction
[2020.04.14-21.17.13:474][  0]LogMeshReduction: Using SimplygonMeshReduction for automatic skeletal mesh reduction
[2020.04.14-21.17.13:474][  0]LogMeshReduction: Using ProxyLODMeshReduction for automatic mesh merging
[2020.04.14-21.17.13:474][  0]LogMeshReduction: No distributed automatic mesh merging module available
[2020.04.14-21.17.13:474][  0]LogMeshMerging: No distributed automatic mesh merging module available
[2020.04.14-21.17.13:487][  0]LogNetVersion: PuzzlePlatforms 1.0.0, NetCL: 10570792, EngineNetVer: 13, GameNetVer: 0 (Checksum: 2226377169)
[2020.04.14-21.17.14:309][  0]LogPackageLocalizationCache: Processed 10 localized package path(s) for 1 prioritized culture(s) in 0.040882 seconds
[2020.04.14-21.17.14:314][  0]LogUObjectArray: 46750 objects as part of root set at end of initial load.
[2020.04.14-21.17.14:314][  0]LogUObjectAllocator: 8137160 out of 0 bytes used by permanent object pool.
[2020.04.14-21.17.14:314][  0]LogUObjectArray: CloseDisregardForGC: 0/0 objects in disregard for GC pool
[2020.04.14-21.17.14:606][  0]LogTcpMessaging: Initializing TcpMessaging bridge
[2020.04.14-21.17.14:608][  0]LogUdpMessaging: Initializing bridge on interface 0.0.0.0:0 to multicast group 230.0.0.1:6666.
[2020.04.14-21.17.14:642][  0]LogTemp: Warning: GameInstance Constructor
[2020.04.14-21.17.14:760][  0]SourceControl: Source control is disabled
[2020.04.14-21.17.14:760][  0]SourceControl: Source control is disabled
[2020.04.14-21.17.14:761][  0]SourceControl: Source control is disabled
[2020.04.14-21.17.14:762][  0]SourceControl: Source control is disabled
[2020.04.14-21.17.14:762][  0]SourceControl: Source control is disabled
[2020.04.14-21.17.14:826][  0]LogAndroidPermission: UAndroidPermissionCallbackProxy::GetInstance
[2020.04.14-21.17.14:833][  0]LogAudioCaptureCore: Display: No Audio Capture implementations found. Audio input will be silent.
[2020.04.14-21.17.14:833][  0]LogAudioCaptureCore: Display: No Audio Capture implementations found. Audio input will be silent.
[2020.04.14-21.17.14:902][  0]LogOcInput: OculusInput pre-init called
[2020.04.14-21.17.15:389][  0]LogEngine: Initializing Engine...
[2020.04.14-21.17.15:446][  0]LogHMD: Failed to initialize OpenVR with code 108
[2020.04.14-21.17.15:447][  0]LogStats: UGameplayTagsManager::InitializeManager -  0.000 s
[2020.04.14-21.17.15:709][  0]LogInit: Initializing FReadOnlyCVARCache
[2020.04.14-21.17.15:714][  0]LogAIModule: Creating AISystem for world Untitled
[2020.04.14-21.17.15:733][  0]LogAudioMixer: Display: Audio Mixer Platform Settings:
[2020.04.14-21.17.15:733][  0]LogAudioMixer: Display: 	Sample Rate:						  48000
[2020.04.14-21.17.15:733][  0]LogAudioMixer: Display: 	Callback Buffer Frame Size Requested: 1024
[2020.04.14-21.17.15:733][  0]LogAudioMixer: Display: 	Callback Buffer Frame Size To Use:	  1024
[2020.04.14-21.17.15:733][  0]LogAudioMixer: Display: 	Number of buffers to queue:			  2
[2020.04.14-21.17.15:733][  0]LogAudioMixer: Display: 	Max Channels (voices):				  32
[2020.04.14-21.17.15:733][  0]LogAudioMixer: Display: 	Number of Async Source Workers:		  0
[2020.04.14-21.17.15:733][  0]LogAudio: Display: AudioDevice MaxSources: 32
[2020.04.14-21.17.15:734][  0]LogAudio: Display: Using built-in audio occlusion.
[2020.04.14-21.17.15:734][  0]LogAudioMixer: Display: Initializing audio mixer.
[2020.04.14-21.17.15:900][  0]LogAudioMixer: Display: Audio Device Output Speaker Info:
[2020.04.14-21.17.15:900][  0]LogAudioMixer: Display: Name: Speakers (Realtek(R) Audio)
[2020.04.14-21.17.15:900][  0]LogAudioMixer: Display: Is Default: Yes
[2020.04.14-21.17.15:900][  0]LogAudioMixer: Display: Sample Rate: 48000
[2020.04.14-21.17.15:900][  0]LogAudioMixer: Display: Channel Count Used: 8
[2020.04.14-21.17.15:900][  0]LogAudioMixer: Display: Device Channel Count: 8
[2020.04.14-21.17.15:900][  0]LogAudioMixer: Display: Channel Order:
[2020.04.14-21.17.15:900][  0]LogAudioMixer: Display: 0: FrontLeft
[2020.04.14-21.17.15:900][  0]LogAudioMixer: Display: 1: FrontRight
[2020.04.14-21.17.15:900][  0]LogAudioMixer: Display: 2: FrontCenter
[2020.04.14-21.17.15:900][  0]LogAudioMixer: Display: 3: LowFrequency
[2020.04.14-21.17.15:900][  0]LogAudioMixer: Display: 4: BackLeft
[2020.04.14-21.17.15:900][  0]LogAudioMixer: Display: 5: BackRight
[2020.04.14-21.17.15:900][  0]LogAudioMixer: Display: 6: SideLeft
[2020.04.14-21.17.15:900][  0]LogAudioMixer: Display: 7: SideRight
[2020.04.14-21.17.16:150][  0]LogAudioMixer: Display: Using Audio Device Speakers (Realtek(R) Audio)
[2020.04.14-21.17.16:155][  0]LogInit: FAudioDevice initialized.
[2020.04.14-21.17.16:155][  0]LogNetVersion: Set ProjectVersion to 1.0.0.0. Version Checksum will be recalculated on next use.
[2020.04.14-21.17.16:198][  0]LogDerivedDataCache: Saved boot cache 0.04s 85MB C:/Users/shelt/AppData/Local/UnrealEngine/4.24/DerivedDataCache/Boot.ddc.
[2020.04.14-21.17.16:206][  0]LogInit: Texture streaming: Enabled
[2020.04.14-21.17.16:214][  0]LogEngineSessionManager: EngineSessionManager initialized
[2020.04.14-21.17.16:214][  0]LogEditorSessionSummary: Verbose: Initializing EditorSessionSummaryWriter for editor session tracking
[2020.04.14-21.17.16:215][  0]LogEditorSessionSummary: EditorSessionSummaryWriter initialized
[2020.04.14-21.17.16:272][  0]LogInit: Transaction tracking system initialized
[2020.04.14-21.17.16:280][  0]BlueprintLog: New page: Editor Load
[2020.04.14-21.17.16:302][  0]LocalizationService: Localization service is disabled
[2020.04.14-21.17.16:506][  0]LogFileCache: Scanning file cache for directory 'E:/Github/Unreal_MenuSystem/PuzzlePlatforms/Content/' took 0.00s
[2020.04.14-21.17.16:506][  0]LogCook: Display: Max memory allowance for cook 16384mb min free memory 0mb
[2020.04.14-21.17.16:506][  0]LogCook: Display: Mobile HDR setting 1
[2020.04.14-21.17.16:991][  0]SourceControl: Source control is disabled
[2020.04.14-21.17.16:991][  0]Cmd: MAP LOAD FILE="E:/Github/Unreal_MenuSystem/PuzzlePlatforms/Content/ThirdPersonCPP/Maps/ThirdPersonExampleMap.umap" TEMPLATE=0 SHOWPROGRESS=1 FEATURELEVEL=3
[2020.04.14-21.17.16:992][  0]LightingResults: New page: Lighting Build
[2020.04.14-21.17.16:992][  0]LogWorld: UWorld::CleanupWorld for Untitled, bSessionEnded=true, bCleanupResources=true
[2020.04.14-21.17.16:992][  0]LogSlate: InvalidateAllWidgets triggered.  All widgets were invalidated
[2020.04.14-21.17.16:992][  0]MapCheck: New page: Map Check
[2020.04.14-21.17.16:992][  0]LightingResults: New page: Lighting Build
[2020.04.14-21.17.17:019][  0]LogUObjectHash: Compacting FUObjectHashTables data took   1.48ms
[2020.04.14-21.17.17:053][  0]LogLinker: Warning: While loading 'E:/Github/Unreal_MenuSystem/PuzzlePlatforms/Content/ThirdPersonCPP/Maps/ThirdPersonExampleMap.umap' failed to load '/Game/ThirdPersonCPP/Maps/ThirdPersonExampleMap_BuiltData': Can't find file.
[2020.04.14-21.17.17:053][  0]LogLinker: Warning: While loading 'E:/Github/Unreal_MenuSystem/PuzzlePlatforms/Content/ThirdPersonCPP/Maps/ThirdPersonExampleMap.umap' failed to load '/Game/ThirdPersonCPP/Maps/ThirdPersonExampleMap_BuiltData': Can't find file.
[2020.04.14-21.17.17:058][  0]LogLinker: Warning: While loading 'E:/Github/Unreal_MenuSystem/PuzzlePlatforms/Content/ThirdPersonCPP/Maps/ThirdPersonExampleMap.umap' failed to load '/Game/ThirdPersonCPP/Maps/ThirdPersonExampleMap_BuiltData': Can't find file.
[2020.04.14-21.17.17:058][  0]LogLinker: Warning: While loading 'E:/Github/Unreal_MenuSystem/PuzzlePlatforms/Content/ThirdPersonCPP/Maps/ThirdPersonExampleMap.umap' failed to load '/Game/ThirdPersonCPP/Maps/ThirdPersonExampleMap_BuiltData': Can't find file.
[2020.04.14-21.17.17:060][  0]LogLinker: Warning: Failed to load '/Game/ThirdPersonCPP/Maps/ThirdPersonExampleMap_BuiltData': Can't find file.
[2020.04.14-21.17.17:060][  0]LogLinker: Warning: Failed to load '/Game/ThirdPersonCPP/Maps/ThirdPersonExampleMap_BuiltData': Can't find file.
[2020.04.14-21.17.17:060][  0]LogLinker: Warning: Failed to load '/Game/ThirdPersonCPP/Maps/ThirdPersonExampleMap_BuiltData': Can't find file.
[2020.04.14-21.17.17:060][  0]LogLinker: Warning: Failed to load '/Game/ThirdPersonCPP/Maps/ThirdPersonExampleMap_BuiltData': Can't find file.
[2020.04.14-21.17.17:063][  0]LogLinker: Warning: While loading 'E:/Github/Unreal_MenuSystem/PuzzlePlatforms/Content/ThirdPersonCPP/Maps/ThirdPersonExampleMap.umap' failed to load '/Game/ThirdPersonCPP/Maps/ThirdPersonExampleMap_BuiltData': Can't find file.
[2020.04.14-21.17.17:063][  0]LoadErrors: Failed to load /Game/ThirdPersonCPP/Maps/ThirdPersonExampleMap_BuiltData.ThirdPersonExampleMap_BuiltData Referenced by PersistentLevel
[2020.04.14-21.17.17:063][  0]LogLinker: Warning: While loading 'E:/Github/Unreal_MenuSystem/PuzzlePlatforms/Content/ThirdPersonCPP/Maps/ThirdPersonExampleMap.umap' failed to load '/Game/ThirdPersonCPP/Maps/ThirdPersonExampleMap_BuiltData': Can't find file.
[2020.04.14-21.17.17:063][  0]LoadErrors: Failed to load /Game/ThirdPersonCPP/Maps/ThirdPersonExampleMap_BuiltData.ThirdPersonExampleMap_BuiltData Referenced by PersistentLevel
[2020.04.14-21.17.17:104][  0]LogAIModule: Creating AISystem for world ThirdPersonExampleMap
[2020.04.14-21.17.17:112][  0]LogEditorServer: Finished looking for orphan Actors (0.000 secs)
[2020.04.14-21.17.17:141][  0]LogUObjectHash: Compacting FUObjectHashTables data took   1.64ms
[2020.04.14-21.17.17:141][  0]Cmd: MAP CHECKDEP NOCLEARLOG
[2020.04.14-21.17.17:141][  0]MapCheck: Map check complete: 0 Error(s), 0 Warning(s), took 0.088ms to complete.
[2020.04.14-21.17.17:141][  0]LogFileHelpers: Loading map 'ThirdPersonExampleMap' took 0.150
[2020.04.14-21.17.17:271][  0]LogSlate: Updating window title bar state: overlay mode, drag disabled, window buttons hidden, title bar hidden
[2020.04.14-21.17.17:277][  0]LogSlate: Updating window title bar state: overlay mode, drag disabled, window buttons hidden, title bar hidden
[2020.04.14-21.17.17:282][  0]LogSlate: Updating window title bar state: overlay mode, drag disabled, window buttons hidden, title bar hidden
[2020.04.14-21.17.17:287][  0]LogSlate: Updating window title bar state: overlay mode, drag disabled, window buttons hidden, title bar hidden
[2020.04.14-21.17.17:291][  0]LogCollectionManager: Loaded 0 collections in 0.001446 seconds
[2020.04.14-21.17.17:341][  0]LogFileCache: Scanning file cache for directory 'E:/Github/Unreal_MenuSystem/PuzzlePlatforms/Saved/Collections/' took 0.00s
[2020.04.14-21.17.17:342][  0]LogFileCache: Scanning file cache for directory 'E:/Github/Unreal_MenuSystem/PuzzlePlatforms/Content/Developers/shelt/Collections/' took 0.00s
[2020.04.14-21.17.17:342][  0]LogFileCache: Scanning file cache for directory 'E:/Github/Unreal_MenuSystem/PuzzlePlatforms/Content/Collections/' took 0.00s
[2020.04.14-21.17.17:342][  0]LogContentBrowser: Native class hierarchy populated in 0.0063 seconds. Added 3020 classes and 719 folders.
[2020.04.14-21.17.17:343][  0]LogContentBrowser: Native class hierarchy updated for 'WidgetCarousel' in 0.0002 seconds. Added 0 classes and 0 folders.
[2020.04.14-21.17.17:396][  0]LogContentBrowser: Native class hierarchy updated for 'AddContentDialog' in 0.0002 seconds. Added 0 classes and 0 folders.
[2020.04.14-21.17.17:401][  0]LogContentBrowser: Native class hierarchy updated for 'SceneOutliner' in 0.0003 seconds. Added 2 classes and 3 folders.
[2020.04.14-21.17.17:438][  0]LogSlate: Took 0.000151 seconds to synchronously load lazily loaded font '../../../Engine/Content/Slate/Fonts/Roboto-Regular.ttf' (155K)
[2020.04.14-21.17.17:439][  0]LogSlate: Took 0.000129 seconds to synchronously load lazily loaded font '../../../Engine/Content/Slate/Fonts/Roboto-Bold.ttf' (160K)
[2020.04.14-21.17.17:442][  0]LogSlate: Took 0.000127 seconds to synchronously load lazily loaded font '../../../Engine/Content/Editor/Slate/Fonts/FontAwesome.ttf' (139K)
[2020.04.14-21.17.17:442][  0]LogSlate: Took 0.000082 seconds to synchronously load lazily loaded font '../../../Engine/Content/Slate/Fonts/DroidSansMono.ttf' (77K)
[2020.04.14-21.17.17:534][  0]LogRenderer: Reallocating scene render targets to support 1208x572 Format 10 NumSamples 1 (Frame:1).
[2020.04.14-21.17.17:606][  0]LogContentBrowser: Native class hierarchy updated for 'HierarchicalLODOutliner' in 0.0003 seconds. Added 0 classes and 0 folders.
[2020.04.14-21.17.17:606][  0]LogLoad: (Engine Initialization) Total time: 50.69 seconds
[2020.04.14-21.17.17:606][  0]LogLoad: (Engine Initialization) Total Blueprint compile time: 0.00 seconds
[2020.04.14-21.17.17:646][  0]LogAssetRegistry: Asset discovery search completed in 4.5452 seconds
[2020.04.14-21.17.17:649][  0]LogCollectionManager: Fixed up redirectors for 0 collections in 0.000007 seconds (updated 0 objects)
[2020.04.14-21.17.17:650][  0]LogContentStreaming: Texture pool size now 1000 MB
[2020.04.14-21.30.05:748][425]LogTemp: Repeating last play command: Selected Viewport
[2020.04.14-21.30.05:760][425]LogBlueprintUserMessages: Early PlayInEditor Detection: Level '/Game/ThirdPersonCPP/Maps/ThirdPersonExampleMap.ThirdPersonExampleMap:PersistentLevel' has LevelScriptBlueprint '/Game/ThirdPersonCPP/Maps/ThirdPersonExampleMap.ThirdPersonExampleMap:PersistentLevel.ThirdPersonExampleMap' with GeneratedClass '/Game/ThirdPersonCPP/Maps/ThirdPersonExampleMap.ThirdPersonExampleMap_C' with ClassGeneratedBy '/Game/ThirdPersonCPP/Maps/ThirdPersonExampleMap.ThirdPersonExampleMap:PersistentLevel.ThirdPersonExampleMap'
[2020.04.14-21.30.05:760][425]LogPlayLevel: PlayLevel: No blueprints needed recompiling
[2020.04.14-21.30.05:760][425]PIE: New page: PIE session: ThirdPersonExampleMap (Apr 14, 2020, 1:30:05 PM)
[2020.04.14-21.30.05:761][425]LogOnline: OSS: Creating online subsystem instance for: NULL
[2020.04.14-21.30.05:761][425]LogOnline: OSS: TryLoadSubsystemAndSetDefault: Loaded subsystem for module [NULL]
[2020.04.14-21.30.05:762][425]LogTemp: Warning: GameInstance Constructor
[2020.04.14-21.30.05:762][425]LogPlayLevel: Creating play world package: /Game/ThirdPersonCPP/Maps/UEDPIE_0_ThirdPersonExampleMap
[2020.04.14-21.30.05:775][425]LogPlayLevel: PIE: StaticDuplicateObject took: (0.013082s)
[2020.04.14-21.30.05:776][425]LogAIModule: Creating AISystem for world ThirdPersonExampleMap
[2020.04.14-21.30.05:776][425]LogPlayLevel: PIE: World Init took: (0.001087s)
[2020.04.14-21.30.05:776][425]LogPlayLevel: PIE: Created PIE world by copying editor world from /Game/ThirdPersonCPP/Maps/ThirdPersonExampleMap.ThirdPersonExampleMap to /Game/ThirdPersonCPP/Maps/UEDPIE_0_ThirdPersonExampleMap.ThirdPersonExampleMap (0.014381s)
[2020.04.14-21.30.05:805][425]LogUObjectHash: Compacting FUObjectHashTables data took   1.13ms
[2020.04.14-21.30.05:806][425]LogTemp: Warning: GameInstance Init
[2020.04.14-21.30.05:806][425]LogAudioMixer: Display: Audio Mixer Platform Settings:
[2020.04.14-21.30.05:806][425]LogAudioMixer: Display: 	Sample Rate:						  48000
[2020.04.14-21.30.05:806][425]LogAudioMixer: Display: 	Callback Buffer Frame Size Requested: 1024
[2020.04.14-21.30.05:806][425]LogAudioMixer: Display: 	Callback Buffer Frame Size To Use:	  1024
[2020.04.14-21.30.05:806][425]LogAudioMixer: Display: 	Number of buffers to queue:			  2
[2020.04.14-21.30.05:806][425]LogAudioMixer: Display: 	Max Channels (voices):				  32
[2020.04.14-21.30.05:806][425]LogAudioMixer: Display: 	Number of Async Source Workers:		  0
[2020.04.14-21.30.05:806][425]LogAudio: Display: AudioDevice MaxSources: 32
[2020.04.14-21.30.05:807][425]LogAudio: Display: Using built-in audio occlusion.
[2020.04.14-21.30.05:807][425]LogAudioMixer: Display: Initializing audio mixer.
[2020.04.14-21.30.05:858][425]LogAudioMixer: Display: Audio Device Output Speaker Info:
[2020.04.14-21.30.05:858][425]LogAudioMixer: Display: Name: Speakers (Realtek(R) Audio)
[2020.04.14-21.30.05:858][425]LogAudioMixer: Display: Is Default: Yes
[2020.04.14-21.30.05:858][425]LogAudioMixer: Display: Sample Rate: 48000
[2020.04.14-21.30.05:858][425]LogAudioMixer: Display: Channel Count Used: 8
[2020.04.14-21.30.05:858][425]LogAudioMixer: Display: Device Channel Count: 8
[2020.04.14-21.30.05:858][425]LogAudioMixer: Display: Channel Order:
[2020.04.14-21.30.05:858][425]LogAudioMixer: Display: 0: FrontLeft
[2020.04.14-21.30.05:858][425]LogAudioMixer: Display: 1: FrontRight
[2020.04.14-21.30.05:858][425]LogAudioMixer: Display: 2: FrontCenter
[2020.04.14-21.30.05:858][425]LogAudioMixer: Display: 3: LowFrequency
[2020.04.14-21.30.05:858][425]LogAudioMixer: Display: 4: BackLeft
[2020.04.14-21.30.05:858][425]LogAudioMixer: Display: 5: BackRight
[2020.04.14-21.30.05:858][425]LogAudioMixer: Display: 6: SideLeft
[2020.04.14-21.30.05:858][425]LogAudioMixer: Display: 7: SideRight
[2020.04.14-21.30.05:888][425]LogAudioMixer: Display: Using Audio Device Speakers (Realtek(R) Audio)
[2020.04.14-21.30.05:890][425]LogInit: FAudioDevice initialized.
[2020.04.14-21.30.05:900][425]LogLoad: Game class is 'PuzzlePlatformsGameMode'
[2020.04.14-21.30.05:902][425]LogWorld: Bringing World /Game/ThirdPersonCPP/Maps/UEDPIE_0_ThirdPersonExampleMap.ThirdPersonExampleMap up for play (max tick rate 0) at 2020.04.14-17.30.05
[2020.04.14-21.30.05:902][425]LogWorld: Bringing up level for play took: 0.001491
[2020.04.14-21.30.05:902][425]LogOnline: OSS: Creating online subsystem instance for: :Context_1
[2020.04.14-21.30.05:904][425]LogContentBrowser: Native class hierarchy updated for 'MovieSceneCapture' in 0.0003 seconds. Added 20 classes and 0 folders.
[2020.04.14-21.30.05:905][425]PIE: Play in editor start time for /Game/ThirdPersonCPP/Maps/UEDPIE_0_ThirdPersonExampleMap 0.904
[2020.04.14-21.30.05:905][425]LogBlueprintUserMessages: Late PlayInEditor Detection: Level '/Game/ThirdPersonCPP/Maps/ThirdPersonExampleMap.ThirdPersonExampleMap:PersistentLevel' has LevelScriptBlueprint '/Game/ThirdPersonCPP/Maps/ThirdPersonExampleMap.ThirdPersonExampleMap:PersistentLevel.ThirdPersonExampleMap' with GeneratedClass '/Game/ThirdPersonCPP/Maps/ThirdPersonExampleMap.ThirdPersonExampleMap_C' with ClassGeneratedBy '/Game/ThirdPersonCPP/Maps/ThirdPersonExampleMap.ThirdPersonExampleMap:PersistentLevel.ThirdPersonExampleMap'
[2020.04.14-21.30.10:889][ 20]LogAudioMixer: Display: No commands were queued while flushing the source manager.
[2020.04.14-21.30.10:889][ 20]LogAudioMixer: Display: No commands were queued while flushing the source manager.
[2020.04.14-21.30.10:889][ 20]LogBlueprintUserMessages: Early EndPlayMap Detection: Level '/Game/ThirdPersonCPP/Maps/ThirdPersonExampleMap.ThirdPersonExampleMap:PersistentLevel' has LevelScriptBlueprint '/Game/ThirdPersonCPP/Maps/ThirdPersonExampleMap.ThirdPersonExampleMap:PersistentLevel.ThirdPersonExampleMap' with GeneratedClass '/Game/ThirdPersonCPP/Maps/ThirdPersonExampleMap.ThirdPersonExampleMap_C' with ClassGeneratedBy '/Game/ThirdPersonCPP/Maps/ThirdPersonExampleMap.ThirdPersonExampleMap:PersistentLevel.ThirdPersonExampleMap'
[2020.04.14-21.30.10:890][ 20]LogSlate: Updating window title bar state: overlay mode, drag disabled, window buttons hidden, title bar hidden
[2020.04.14-21.30.10:890][ 20]LogWorld: BeginTearingDown for /Game/ThirdPersonCPP/Maps/UEDPIE_0_ThirdPersonExampleMap
[2020.04.14-21.30.10:890][ 20]LogAudioMixer: Display: No commands were queued while flushing the source manager.
[2020.04.14-21.30.10:890][ 20]LogWorld: UWorld::CleanupWorld for ThirdPersonExampleMap, bSessionEnded=true, bCleanupResources=true
[2020.04.14-21.30.10:890][ 20]LogSlate: InvalidateAllWidgets triggered.  All widgets were invalidated
[2020.04.14-21.30.10:899][ 20]LogPlayLevel: Display: Shutting down PIE online subsystems
[2020.04.14-21.30.10:899][ 20]LogBlueprintUserMessages: Late EndPlayMap Detection: Level '/Game/ThirdPersonCPP/Maps/ThirdPersonExampleMap.ThirdPersonExampleMap:PersistentLevel' has LevelScriptBlueprint '/Game/ThirdPersonCPP/Maps/ThirdPersonExampleMap.ThirdPersonExampleMap:PersistentLevel.ThirdPersonExampleMap' with GeneratedClass '/Game/ThirdPersonCPP/Maps/ThirdPersonExampleMap.ThirdPersonExampleMap_C' with ClassGeneratedBy '/Game/ThirdPersonCPP/Maps/ThirdPersonExampleMap.ThirdPersonExampleMap:PersistentLevel.ThirdPersonExampleMap'
[2020.04.14-21.30.10:901][ 20]LogSlate: InvalidateAllWidgets triggered.  All widgets were invalidated
[2020.04.14-21.30.10:927][ 20]LogAudioMixer: Display: No commands were queued while flushing the source manager.
[2020.04.14-21.30.10:955][ 20]LogSlate: Updating window title bar state: overlay mode, drag disabled, window buttons hidden, title bar hidden
[2020.04.14-21.30.10:957][ 20]LogUObjectHash: Compacting FUObjectHashTables data took   1.05ms
[2020.04.14-21.30.10:994][ 24]LogPlayLevel: Display: Destroying online subsystem :Context_1
[2020.04.14-21.30.29:337][462]LogSlate: Took 0.006377 seconds to synchronously load lazily loaded font '../../../Engine/Content/Slate/Fonts/Roboto-Light.ttf' (167K)
